Flow report for FK_quadrature_decoder
Mon Jun 07 15:22:56 2021
Quartus II 64-Bit Version 13.0.1 Build 232 06/12/2013 Service Pack 1 SJ Web Edition


---------------------
; Table of Contents ;
---------------------
  1. Legal Notice
  2. Flow Summary
  3. Flow Settings
  4. Flow Non-Default Global Settings
  5. Flow Elapsed Time
  6. Flow OS Summary
  7. Flow Log
  8. Flow Messages
  9. Flow Suppressed Messages



----------------
; Legal Notice ;
----------------
Copyright (C) 1991-2013 Altera Corporation
Your use of Altera Corporation's design tools, logic functions 
and other software and tools, and its AMPP partner logic 
functions, and any output files from any of the foregoing 
(including device programming or simulation files), and any 
associated documentation or information are expressly subject 
to the terms and conditions of the Altera Program License 
Subscription Agreement, Altera MegaCore Function License 
Agreement, or other applicable license agreement, including, 
without limitation, that your use is for the sole purpose of 
programming logic devices manufactured by Altera and sold by 
Altera or its authorized distributors.  Please refer to the 
applicable agreement for further details.



+--------------------------------------------------------------------------------------+
; Flow Summary                                                                         ;
+------------------------------------+-------------------------------------------------+
; Flow Status                        ; Successful - Mon Jun 07 15:22:56 2021           ;
; Quartus II 64-Bit Version          ; 13.0.1 Build 232 06/12/2013 SP 1 SJ Web Edition ;
; Revision Name                      ; FK_quadrature_decoder                           ;
; Top-level Entity Name              ; FK_quadrature_decoder                           ;
; Family                             ; Cyclone IV E                                    ;
; Device                             ; EP4CE22F17C6                                    ;
; Timing Models                      ; Final                                           ;
; Total logic elements               ; 7,709 / 22,320 ( 35 % )                         ;
;     Total combinational functions  ; 7,169 / 22,320 ( 32 % )                         ;
;     Dedicated logic registers      ; 3,901 / 22,320 ( 17 % )                         ;
; Total registers                    ; 3901                                            ;
; Total pins                         ; 74 / 154 ( 48 % )                               ;
; Total virtual pins                 ; 0                                               ;
; Total memory bits                  ; 0 / 608,256 ( 0 % )                             ;
; Embedded Multiplier 9-bit elements ; 0 / 132 ( 0 % )                                 ;
; Total PLLs                         ; 0 / 4 ( 0 % )                                   ;
+------------------------------------+-------------------------------------------------+


+-------------------------------------------+
; Flow Settings                             ;
+-------------------+-----------------------+
; Option            ; Setting               ;
+-------------------+-----------------------+
; Start date & time ; 06/07/2021 15:21:18   ;
; Main task         ; Compilation           ;
; Revision Name     ; FK_quadrature_decoder ;
+-------------------+-----------------------+


+----------------------------------------------------------------------------------------------------------------------------+
; Flow Non-Default Global Settings                                                                                           ;
+-------------------------------------+---------------------------------------+---------------+-------------+----------------+
; Assignment Name                     ; Value                                 ; Default Value ; Entity Name ; Section Id     ;
+-------------------------------------+---------------------------------------+---------------+-------------+----------------+
; COMPILER_SIGNATURE_ID               ; 145170559384.162307567806852          ; --            ; --          ; --             ;
; EDA_OUTPUT_DATA_FORMAT              ; Vhdl                                  ; --            ; --          ; eda_simulation ;
; EDA_SIMULATION_TOOL                 ; ModelSim-Altera (VHDL)                ; <None>        ; --          ; --             ;
; FLOW_ENABLE_POWER_ANALYZER          ; On                                    ; Off           ; --          ; --             ;
; IP_TOOL_NAME                        ; LPM_CONSTANT                          ; --            ; --          ; --             ;
; IP_TOOL_NAME                        ; LPM_CONSTANT                          ; --            ; --          ; --             ;
; IP_TOOL_VERSION                     ; 13.0                                  ; --            ; --          ; --             ;
; IP_TOOL_VERSION                     ; 13.0                                  ; --            ; --          ; --             ;
; MAX_CORE_JUNCTION_TEMP              ; 85                                    ; --            ; --          ; --             ;
; MIN_CORE_JUNCTION_TEMP              ; 0                                     ; --            ; --          ; --             ;
; MISC_FILE                           ; constant1.bsf                         ; --            ; --          ; --             ;
; MISC_FILE                           ; constant1.cmp                         ; --            ; --          ; --             ;
; MISC_FILE                           ; constant64.bsf                        ; --            ; --          ; --             ;
; MISC_FILE                           ; constant64.cmp                        ; --            ; --          ; --             ;
; PARTITION_COLOR                     ; 16764057                              ; --            ; --          ; Top            ;
; PARTITION_FITTER_PRESERVATION_LEVEL ; PLACEMENT_AND_ROUTING                 ; --            ; --          ; Top            ;
; PARTITION_NETLIST_TYPE              ; SOURCE                                ; --            ; --          ; Top            ;
; POWER_BOARD_THERMAL_MODEL           ; None (CONSERVATIVE)                   ; --            ; --          ; --             ;
; POWER_DEFAULT_INPUT_IO_TOGGLE_RATE  ; 12.5 %                                ; 12.5%         ; --          ; --             ;
; POWER_PRESET_COOLING_SOLUTION       ; 23 MM HEAT SINK WITH 200 LFPM AIRFLOW ; --            ; --          ; --             ;
; VHDL_INPUT_VERSION                  ; VHDL_2008                             ; VHDL_1993     ; --          ; --             ;
; VHDL_SHOW_LMF_MAPPING_MESSAGES      ; Off                                   ; --            ; --          ; --             ;
+-------------------------------------+---------------------------------------+---------------+-------------+----------------+


+-------------------------------------------------------------------------------------------------------------------------------+
; Flow Elapsed Time                                                                                                             ;
+---------------------------+--------------+-------------------------+---------------------+------------------------------------+
; Module Name               ; Elapsed Time ; Average Processors Used ; Peak Virtual Memory ; Total CPU Time (on all processors) ;
+---------------------------+--------------+-------------------------+---------------------+------------------------------------+
; Analysis & Synthesis      ; 00:00:24     ; 1.0                     ; 4667 MB             ; 00:00:25                           ;
; Fitter                    ; 00:00:34     ; 1.0                     ; 4999 MB             ; 00:00:35                           ;
; Assembler                 ; 00:00:02     ; 1.0                     ; 4557 MB             ; 00:00:02                           ;
; PowerPlay Power Analyzer  ; 00:00:10     ; 1.0                     ; 4625 MB             ; 00:00:09                           ;
; TimeQuest Timing Analyzer ; 00:00:08     ; 1.0                     ; 4703 MB             ; 00:00:08                           ;
; EDA Netlist Writer        ; 00:00:11     ; 1.0                     ; 4590 MB             ; 00:00:11                           ;
; Total                     ; 00:01:29     ; --                      ; --                  ; 00:01:30                           ;
+---------------------------+--------------+-------------------------+---------------------+------------------------------------+


+----------------------------------------------------------------------------------------+
; Flow OS Summary                                                                        ;
+---------------------------+------------------+-----------+------------+----------------+
; Module Name               ; Machine Hostname ; OS Name   ; OS Version ; Processor type ;
+---------------------------+------------------+-----------+------------+----------------+
; Analysis & Synthesis      ; TPAD-PETR        ; Windows 7 ; 6.2        ; x86_64         ;
; Fitter                    ; TPAD-PETR        ; Windows 7 ; 6.2        ; x86_64         ;
; Assembler                 ; TPAD-PETR        ; Windows 7 ; 6.2        ; x86_64         ;
; PowerPlay Power Analyzer  ; TPAD-PETR        ; Windows 7 ; 6.2        ; x86_64         ;
; TimeQuest Timing Analyzer ; TPAD-PETR        ; Windows 7 ; 6.2        ; x86_64         ;
; EDA Netlist Writer        ; TPAD-PETR        ; Windows 7 ; 6.2        ; x86_64         ;
+---------------------------+------------------+-----------+------------+----------------+


------------
; Flow Log ;
------------
quartus_map --read_settings_files=on --write_settings_files=off FK_quadrature_decoder -c FK_quadrature_decoder
quartus_fit --read_settings_files=off --write_settings_files=off FK_quadrature_decoder -c FK_quadrature_decoder
quartus_asm --read_settings_files=off --write_settings_files=off FK_quadrature_decoder -c FK_quadrature_decoder
quartus_pow --read_settings_files=off --write_settings_files=off FK_quadrature_decoder -c FK_quadrature_decoder
quartus_sta FK_quadrature_decoder -c FK_quadrature_decoder
quartus_eda --read_settings_files=off --write_settings_files=off FK_quadrature_decoder -c FK_quadrature_decoder



