Analysis & Synthesis report for FK_quadrature_decoder
Thu May 20 15:06:29 2021
Quartus II 64-Bit Version 13.0.1 Build 232 06/12/2013 Service Pack 1 SJ Web Edition


---------------------
; Table of Contents ;
---------------------
  1. Legal Notice
  2. Analysis & Synthesis Summary
  3. Analysis & Synthesis Settings
  4. Parallel Compilation
  5. Analysis & Synthesis Source Files Read
  6. Analysis & Synthesis Resource Usage Summary
  7. Analysis & Synthesis Resource Utilization by Entity
  8. State Machine - |FK_quadrature_decoder|uart_spammer:inst3|\spam:state
  9. State Machine - |FK_quadrature_decoder|uart_tx:inst1|tx_state
 10. Registers Removed During Synthesis
 11. Removed Registers Triggering Further Register Optimizations
 12. General Register Statistics
 13. Parameter Settings for User Entity Instance: uart_tx:inst1
 14. Elapsed Time Per Partition
 15. Analysis & Synthesis Messages



----------------
; Legal Notice ;
----------------
Copyright (C) 1991-2013 Altera Corporation
Your use of Altera Corporation's design tools, logic functions 
and other software and tools, and its AMPP partner logic 
functions, and any output files from any of the foregoing 
(including device programming or simulation files), and any 
associated documentation or information are expressly subject 
to the terms and conditions of the Altera Program License 
Subscription Agreement, Altera MegaCore Function License 
Agreement, or other applicable license agreement, including, 
without limitation, that your use is for the sole purpose of 
programming logic devices manufactured by Altera and sold by 
Altera or its authorized distributors.  Please refer to the 
applicable agreement for further details.



+--------------------------------------------------------------------------------------+
; Analysis & Synthesis Summary                                                         ;
+------------------------------------+-------------------------------------------------+
; Analysis & Synthesis Status        ; Successful - Thu May 20 15:06:29 2021           ;
; Quartus II 64-Bit Version          ; 13.0.1 Build 232 06/12/2013 SP 1 SJ Web Edition ;
; Revision Name                      ; FK_quadrature_decoder                           ;
; Top-level Entity Name              ; FK_quadrature_decoder                           ;
; Family                             ; Cyclone IV E                                    ;
; Total logic elements               ; 0                                               ;
;     Total combinational functions  ; 0                                               ;
;     Dedicated logic registers      ; 0                                               ;
; Total registers                    ; 0                                               ;
; Total pins                         ; 13                                              ;
; Total virtual pins                 ; 0                                               ;
; Total memory bits                  ; 0                                               ;
; Embedded Multiplier 9-bit elements ; 0                                               ;
; Total PLLs                         ; 0                                               ;
+------------------------------------+-------------------------------------------------+


+----------------------------------------------------------------------------------------------------------------------------+
; Analysis & Synthesis Settings                                                                                              ;
+----------------------------------------------------------------------------+-----------------------+-----------------------+
; Option                                                                     ; Setting               ; Default Value         ;
+----------------------------------------------------------------------------+-----------------------+-----------------------+
; Device                                                                     ; EP4CE22F17C6          ;                       ;
; Top-level entity name                                                      ; FK_quadrature_decoder ; FK_quadrature_decoder ;
; Family name                                                                ; Cyclone IV E          ; Cyclone IV GX         ;
; Use smart compilation                                                      ; Off                   ; Off                   ;
; Enable parallel Assembler and TimeQuest Timing Analyzer during compilation ; On                    ; On                    ;
; Enable compact report table                                                ; Off                   ; Off                   ;
; Restructure Multiplexers                                                   ; Auto                  ; Auto                  ;
; Create Debugging Nodes for IP Cores                                        ; Off                   ; Off                   ;
; Preserve fewer node names                                                  ; On                    ; On                    ;
; Disable OpenCore Plus hardware evaluation                                  ; Off                   ; Off                   ;
; Verilog Version                                                            ; Verilog_2001          ; Verilog_2001          ;
; VHDL Version                                                               ; VHDL_1993             ; VHDL_1993             ;
; State Machine Processing                                                   ; Auto                  ; Auto                  ;
; Safe State Machine                                                         ; Off                   ; Off                   ;
; Extract Verilog State Machines                                             ; On                    ; On                    ;
; Extract VHDL State Machines                                                ; On                    ; On                    ;
; Ignore Verilog initial constructs                                          ; Off                   ; Off                   ;
; Iteration limit for constant Verilog loops                                 ; 5000                  ; 5000                  ;
; Iteration limit for non-constant Verilog loops                             ; 250                   ; 250                   ;
; Add Pass-Through Logic to Inferred RAMs                                    ; On                    ; On                    ;
; Infer RAMs from Raw Logic                                                  ; On                    ; On                    ;
; Parallel Synthesis                                                         ; On                    ; On                    ;
; DSP Block Balancing                                                        ; Auto                  ; Auto                  ;
; NOT Gate Push-Back                                                         ; On                    ; On                    ;
; Power-Up Don't Care                                                        ; On                    ; On                    ;
; Remove Redundant Logic Cells                                               ; Off                   ; Off                   ;
; Remove Duplicate Registers                                                 ; On                    ; On                    ;
; Ignore CARRY Buffers                                                       ; Off                   ; Off                   ;
; Ignore CASCADE Buffers                                                     ; Off                   ; Off                   ;
; Ignore GLOBAL Buffers                                                      ; Off                   ; Off                   ;
; Ignore ROW GLOBAL Buffers                                                  ; Off                   ; Off                   ;
; Ignore LCELL Buffers                                                       ; Off                   ; Off                   ;
; Ignore SOFT Buffers                                                        ; On                    ; On                    ;
; Limit AHDL Integers to 32 Bits                                             ; Off                   ; Off                   ;
; Optimization Technique                                                     ; Balanced              ; Balanced              ;
; Carry Chain Length                                                         ; 70                    ; 70                    ;
; Auto Carry Chains                                                          ; On                    ; On                    ;
; Auto Open-Drain Pins                                                       ; On                    ; On                    ;
; Perform WYSIWYG Primitive Resynthesis                                      ; Off                   ; Off                   ;
; Auto ROM Replacement                                                       ; On                    ; On                    ;
; Auto RAM Replacement                                                       ; On                    ; On                    ;
; Auto DSP Block Replacement                                                 ; On                    ; On                    ;
; Auto Shift Register Replacement                                            ; Auto                  ; Auto                  ;
; Allow Shift Register Merging across Hierarchies                            ; Auto                  ; Auto                  ;
; Auto Clock Enable Replacement                                              ; On                    ; On                    ;
; Strict RAM Replacement                                                     ; Off                   ; Off                   ;
; Allow Synchronous Control Signals                                          ; On                    ; On                    ;
; Force Use of Synchronous Clear Signals                                     ; Off                   ; Off                   ;
; Auto RAM Block Balancing                                                   ; On                    ; On                    ;
; Auto RAM to Logic Cell Conversion                                          ; Off                   ; Off                   ;
; Auto Resource Sharing                                                      ; Off                   ; Off                   ;
; Allow Any RAM Size For Recognition                                         ; Off                   ; Off                   ;
; Allow Any ROM Size For Recognition                                         ; Off                   ; Off                   ;
; Allow Any Shift Register Size For Recognition                              ; Off                   ; Off                   ;
; Use LogicLock Constraints during Resource Balancing                        ; On                    ; On                    ;
; Ignore translate_off and synthesis_off directives                          ; Off                   ; Off                   ;
; Timing-Driven Synthesis                                                    ; On                    ; On                    ;
; Report Parameter Settings                                                  ; On                    ; On                    ;
; Report Source Assignments                                                  ; On                    ; On                    ;
; Report Connectivity Checks                                                 ; On                    ; On                    ;
; Ignore Maximum Fan-Out Assignments                                         ; Off                   ; Off                   ;
; Synchronization Register Chain Length                                      ; 2                     ; 2                     ;
; PowerPlay Power Optimization                                               ; Normal compilation    ; Normal compilation    ;
; HDL message level                                                          ; Level2                ; Level2                ;
; Suppress Register Optimization Related Messages                            ; Off                   ; Off                   ;
; Number of Removed Registers Reported in Synthesis Report                   ; 5000                  ; 5000                  ;
; Number of Swept Nodes Reported in Synthesis Report                         ; 5000                  ; 5000                  ;
; Number of Inverted Registers Reported in Synthesis Report                  ; 100                   ; 100                   ;
; Clock MUX Protection                                                       ; On                    ; On                    ;
; Auto Gated Clock Conversion                                                ; Off                   ; Off                   ;
; Block Design Naming                                                        ; Auto                  ; Auto                  ;
; SDC constraint protection                                                  ; Off                   ; Off                   ;
; Synthesis Effort                                                           ; Auto                  ; Auto                  ;
; Shift Register Replacement - Allow Asynchronous Clear Signal               ; On                    ; On                    ;
; Pre-Mapping Resynthesis Optimization                                       ; Off                   ; Off                   ;
; Analysis & Synthesis Message Level                                         ; Medium                ; Medium                ;
; Disable Register Merging Across Hierarchies                                ; Auto                  ; Auto                  ;
; Resource Aware Inference For Block RAM                                     ; On                    ; On                    ;
; Synthesis Seed                                                             ; 1                     ; 1                     ;
+----------------------------------------------------------------------------+-----------------------+-----------------------+


Parallel compilation was disabled, but you have multiple processors available. Enable parallel compilation to reduce compilation time.
+-------------------------------------+
; Parallel Compilation                ;
+----------------------------+--------+
; Processors                 ; Number ;
+----------------------------+--------+
; Number detected on machine ; 12     ;
; Maximum allowed            ; 1      ;
+----------------------------+--------+


+----------------------------------------------------------------------------------------------------------------------------------------------------------------------------------------------+
; Analysis & Synthesis Source Files Read                                                                                                                                                       ;
+----------------------------------+-----------------+------------------------------------+------------------------------------------------------------------------------------------+---------+
; File Name with User-Entered Path ; Used in Netlist ; File Type                          ; File Name with Absolute Path                                                             ; Library ;
+----------------------------------+-----------------+------------------------------------+------------------------------------------------------------------------------------------+---------+
; FK_quadrature_decoder.bdf        ; yes             ; User Block Diagram/Schematic File  ; C:/projects/aa4cc/AA4CC_FK_model_sensors/FK_quadrature_decoder/FK_quadrature_decoder.bdf ;         ;
; uart_tx.vhd                      ; yes             ; User VHDL File                     ; C:/projects/aa4cc/AA4CC_FK_model_sensors/FK_quadrature_decoder/uart_tx.vhd               ;         ;
; uart_spammer.vhd                 ; yes             ; User VHDL File                     ; C:/projects/aa4cc/AA4CC_FK_model_sensors/FK_quadrature_decoder/uart_spammer.vhd          ;         ;
+----------------------------------+-----------------+------------------------------------+------------------------------------------------------------------------------------------+---------+


+----------------------------------------------------------------+
; Analysis & Synthesis Resource Usage Summary                    ;
+---------------------------------------------+------------------+
; Resource                                    ; Usage            ;
+---------------------------------------------+------------------+
;                                             ;                  ;
; Total combinational functions               ; 0                ;
; Logic element usage by number of LUT inputs ;                  ;
;     -- 4 input functions                    ; 0                ;
;     -- 3 input functions                    ; 0                ;
;     -- <=2 input functions                  ; 0                ;
;                                             ;                  ;
; Logic elements by mode                      ;                  ;
;     -- normal mode                          ; 0                ;
;     -- arithmetic mode                      ; 0                ;
;                                             ;                  ;
; Total registers                             ; 0                ;
;     -- Dedicated logic registers            ; 0                ;
;     -- I/O registers                        ; 0                ;
;                                             ;                  ;
; I/O pins                                    ; 13               ;
; Embedded Multiplier 9-bit elements          ; 0                ;
; Maximum fan-out node                        ; GPIO-1[0]~output ;
; Maximum fan-out                             ; 1                ;
; Total fan-out                               ; 13               ;
; Average fan-out                             ; 0.50             ;
+---------------------------------------------+------------------+


+--------------------------------------------------------------------------------------------------------------------------------------------------------------------------------+
; Analysis & Synthesis Resource Utilization by Entity                                                                                                                            ;
+----------------------------+-------------------+--------------+-------------+--------------+---------+-----------+------+--------------+------------------------+--------------+
; Compilation Hierarchy Node ; LC Combinationals ; LC Registers ; Memory Bits ; DSP Elements ; DSP 9x9 ; DSP 18x18 ; Pins ; Virtual Pins ; Full Hierarchy Name    ; Library Name ;
+----------------------------+-------------------+--------------+-------------+--------------+---------+-----------+------+--------------+------------------------+--------------+
; |FK_quadrature_decoder     ; 0 (0)             ; 0 (0)        ; 0           ; 0            ; 0       ; 0         ; 13   ; 0            ; |FK_quadrature_decoder ; work         ;
+----------------------------+-------------------+--------------+-------------+--------------+---------+-----------+------+--------------+------------------------+--------------+
Note: For table entries with two numbers listed, the numbers in parentheses indicate the number of resources of the given type used by the specific entity alone. The numbers listed outside of parentheses indicate the total resources of the given type used by the specific entity and all of its sub-entities in the hierarchy.


Encoding Type:  One-Hot
+---------------------------------------------------------------------------------------------------------------------------------------------+
; State Machine - |FK_quadrature_decoder|uart_spammer:inst3|\spam:state                                                                       ;
+---------------------------+--------------------+---------------------+--------------------+---------------------+---------------------------+
; Name                      ; \spam:state.sent_2 ; \spam:state.await_2 ; \spam:state.sent_1 ; \spam:state.await_1 ; \spam:state.spammer_ready ;
+---------------------------+--------------------+---------------------+--------------------+---------------------+---------------------------+
; \spam:state.spammer_ready ; 0                  ; 0                   ; 0                  ; 0                   ; 0                         ;
; \spam:state.await_1       ; 0                  ; 0                   ; 0                  ; 1                   ; 1                         ;
; \spam:state.sent_1        ; 0                  ; 0                   ; 1                  ; 0                   ; 1                         ;
; \spam:state.await_2       ; 0                  ; 1                   ; 0                  ; 0                   ; 1                         ;
; \spam:state.sent_2        ; 1                  ; 0                   ; 0                  ; 0                   ; 1                         ;
+---------------------------+--------------------+---------------------+--------------------+---------------------+---------------------------+


Encoding Type:  One-Hot
+-----------------------------------------------------------------------------------------------------------------+
; State Machine - |FK_quadrature_decoder|uart_tx:inst1|tx_state                                                   ;
+-----------------------+----------------------+----------------------+-----------------------+-------------------+
; Name                  ; tx_state.tx_stop_bit ; tx_state.tx_data_bit ; tx_state.tx_start_bit ; tx_state.tx_ready ;
+-----------------------+----------------------+----------------------+-----------------------+-------------------+
; tx_state.tx_ready     ; 0                    ; 0                    ; 0                     ; 0                 ;
; tx_state.tx_start_bit ; 0                    ; 0                    ; 1                     ; 1                 ;
; tx_state.tx_data_bit  ; 0                    ; 1                    ; 0                     ; 1                 ;
; tx_state.tx_stop_bit  ; 1                    ; 0                    ; 0                     ; 1                 ;
+-----------------------+----------------------+----------------------+-----------------------+-------------------+


+-------------------------------------------------------------------------------------+
; Registers Removed During Synthesis                                                  ;
+----------------------------------------------+--------------------------------------+
; Register name                                ; Reason for Removal                   ;
+----------------------------------------------+--------------------------------------+
; uart_spammer:inst3|\spam:prevPos[0..15]      ; Stuck at GND due to stuck port clock ;
; uart_tx:inst1|tx_bit_cntr[0..2]              ; Stuck at GND due to stuck port clock ;
; uart_tx:inst1|tx_bit_cntr[3]                 ; Stuck at VCC due to stuck port clock ;
; uart_tx:inst1|tx_br_cntr[0..7]               ; Stuck at GND due to stuck port clock ;
; uart_tx:inst1|trx                            ; Stuck at GND due to stuck port clock ;
; uart_spammer:inst3|\spam:state.spammer_ready ; Stuck at GND due to stuck port clock ;
; uart_spammer:inst3|\spam:state.sent_2        ; Lost fanout                          ;
; uart_spammer:inst3|\spam:state.await_1       ; Stuck at GND due to stuck port clock ;
; uart_spammer:inst3|\spam:state.sent_1        ; Stuck at GND due to stuck port clock ;
; uart_spammer:inst3|\spam:state.await_2       ; Stuck at GND due to stuck port clock ;
; uart_tx:inst1|tx_state.tx_ready              ; Stuck at GND due to stuck port clock ;
; uart_tx:inst1|tx_state.tx_stop_bit           ; Lost fanout                          ;
; uart_tx:inst1|tx_state.tx_start_bit          ; Stuck at GND due to stuck port clock ;
; uart_tx:inst1|tx_state.tx_data_bit           ; Stuck at GND due to stuck port clock ;
; Total Number of Removed Registers = 38       ;                                      ;
+----------------------------------------------+--------------------------------------+


+-----------------------------------------------------------------------------------------------------------------+
; Removed Registers Triggering Further Register Optimizations                                                     ;
+----------------------------------------------+-------------------------+----------------------------------------+
; Register name                                ; Reason for Removal      ; Registers Removed due to This Register ;
+----------------------------------------------+-------------------------+----------------------------------------+
; uart_tx:inst1|tx_bit_cntr[2]                 ; Stuck at GND            ; uart_tx:inst1|trx                      ;
;                                              ; due to stuck port clock ;                                        ;
; uart_spammer:inst3|\spam:state.spammer_ready ; Stuck at GND            ; uart_spammer:inst3|\spam:state.sent_2  ;
;                                              ; due to stuck port clock ;                                        ;
; uart_spammer:inst3|\spam:state.sent_1        ; Stuck at GND            ; uart_spammer:inst3|\spam:state.await_2 ;
;                                              ; due to stuck port clock ;                                        ;
; uart_tx:inst1|tx_state.tx_ready              ; Stuck at GND            ; uart_tx:inst1|tx_state.tx_stop_bit     ;
;                                              ; due to stuck port clock ;                                        ;
; uart_tx:inst1|tx_state.tx_start_bit          ; Stuck at GND            ; uart_tx:inst1|tx_state.tx_data_bit     ;
;                                              ; due to stuck port clock ;                                        ;
+----------------------------------------------+-------------------------+----------------------------------------+


+------------------------------------------------------+
; General Register Statistics                          ;
+----------------------------------------------+-------+
; Statistic                                    ; Value ;
+----------------------------------------------+-------+
; Total registers                              ; 0     ;
; Number of registers using Synchronous Clear  ; 0     ;
; Number of registers using Synchronous Load   ; 0     ;
; Number of registers using Asynchronous Clear ; 0     ;
; Number of registers using Asynchronous Load  ; 0     ;
; Number of registers using Clock Enable       ; 0     ;
; Number of registers using Preset             ; 0     ;
+----------------------------------------------+-------+


+------------------------------------------------------------+
; Parameter Settings for User Entity Instance: uart_tx:inst1 ;
+----------------+----------+--------------------------------+
; Parameter Name ; Value    ; Type                           ;
+----------------+----------+--------------------------------+
; data_bits      ; 8        ; Signed Integer                 ;
; stop_bits      ; 1        ; Signed Integer                 ;
; uart_baud_rate ; 230400   ; Signed Integer                 ;
; target_mclk    ; 50000000 ; Signed Integer                 ;
+----------------+----------+--------------------------------+
Note: In order to hide this table in the UI and the text report file, please set the "Show Parameter Settings in Synthesis Report" option in "Analysis and Synthesis Settings -> More Settings" to "Off".


+-------------------------------+
; Elapsed Time Per Partition    ;
+----------------+--------------+
; Partition Name ; Elapsed Time ;
+----------------+--------------+
; Top            ; 00:00:00     ;
+----------------+--------------+


+-------------------------------+
; Analysis & Synthesis Messages ;
+-------------------------------+
Info: *******************************************************************
Info: Running Quartus II 64-Bit Analysis & Synthesis
    Info: Version 13.0.1 Build 232 06/12/2013 Service Pack 1 SJ Web Edition
    Info: Processing started: Thu May 20 15:06:28 2021
Info: Command: quartus_map --read_settings_files=on --write_settings_files=off FK_quadrature_decoder -c FK_quadrature_decoder
Warning (20028): Parallel compilation is not licensed and has been disabled
Info (12021): Found 2 design units, including 1 entities, in source file quadrature_decoder_digikey.vhd
    Info (12022): Found design unit 1: quadrature_decoder_digikey-logic
    Info (12023): Found entity 1: quadrature_decoder_digikey
Info (12021): Found 1 design units, including 1 entities, in source file fk_quadrature_decoder.bdf
    Info (12023): Found entity 1: FK_quadrature_decoder
Info (12021): Found 2 design units, including 1 entities, in source file quadrature_decoder_pb.vhd
    Info (12022): Found design unit 1: quadrature_decoder_pb-arch1
    Info (12023): Found entity 1: quadrature_decoder_pb
Info (12021): Found 2 design units, including 1 entities, in source file uart_tx.vhd
    Info (12022): Found design unit 1: uart_tx-tx1
    Info (12023): Found entity 1: uart_tx
Info (12021): Found 2 design units, including 1 entities, in source file uart_spammer.vhd
    Info (12022): Found design unit 1: uart_spammer-arch1
    Info (12023): Found entity 1: uart_spammer
Info (12021): Found 2 design units, including 1 entities, in source file uart_out_manager.vhd
    Info (12022): Found design unit 1: uart_out_manager-arch1
    Info (12023): Found entity 1: uart_out_manager
Info (12127): Elaborating entity "FK_quadrature_decoder" for the top level hierarchy
Warning (275043): Pin "LED[7..0]" is missing source
Warning (275009): Pin "CLOCK_50" not connected
Warning (275009): Pin "GPIO-0" not connected
Warning (275009): Pin "KEY" not connected
Info (12128): Elaborating entity "uart_tx" for hierarchy "uart_tx:inst1"
Info (12128): Elaborating entity "uart_spammer" for hierarchy "uart_spammer:inst3"
Warning (13024): Output pins are stuck at VCC or GND
    Warning (13410): Pin "GPIO-1[0]" is stuck at GND
    Warning (13410): Pin "LED[7]" is stuck at GND
    Warning (13410): Pin "LED[6]" is stuck at GND
    Warning (13410): Pin "LED[5]" is stuck at GND
    Warning (13410): Pin "LED[4]" is stuck at GND
    Warning (13410): Pin "LED[3]" is stuck at GND
    Warning (13410): Pin "LED[2]" is stuck at GND
    Warning (13410): Pin "LED[1]" is stuck at GND
    Warning (13410): Pin "LED[0]" is stuck at GND
Info (17049): 2 registers lost all their fanouts during netlist optimizations.
Info (16010): Generating hard_block partition "hard_block:auto_generated_inst"
    Info (16011): Adding 0 node(s), including 0 DDIO, 0 PLL, 0 transceiver and 0 LCELL
Warning (21074): Design contains 4 input pin(s) that do not drive logic
    Warning (15610): No output dependent on input pin "CLOCK_50"
    Warning (15610): No output dependent on input pin "GPIO-0[1]"
    Warning (15610): No output dependent on input pin "GPIO-0[0]"
    Warning (15610): No output dependent on input pin "KEY[0]"
Info (21057): Implemented 13 device resources after synthesis - the final resource count might be different
    Info (21058): Implemented 4 input pins
    Info (21059): Implemented 9 output pins
Info: Quartus II 64-Bit Analysis & Synthesis was successful. 0 errors, 20 warnings
    Info: Peak virtual memory: 4644 megabytes
    Info: Processing ended: Thu May 20 15:06:29 2021
    Info: Elapsed time: 00:00:01
    Info: Total CPU time (on all processors): 00:00:01


